SF:lib/data/models/trading_signal.dart
DA:8,10
DA:16,2
DA:17,2
DA:18,2
DA:19,2
DA:20,2
DA:21,2
DA:22,2
LF:8
LH:8
end_of_record
SF:lib/trading_signals/redux/trading_signal_state.dart
DA:12,6
DA:18,12
DA:19,6
DA:20,12
DA:21,6
DA:22,6
LF:6
LH:6
end_of_record
SF:lib/trading_signals/redux/trading_signal_state.g.dart
DA:17,6
DA:19,18
DA:21,6
DA:23,6
DA:24,6
DA:25,6
DA:26,6
DA:27,6
DA:30,2
DA:33,6
DA:35,5
DA:37,10
DA:39,1
DA:42,1
DA:43,3
DA:44,3
DA:45,0
DA:48,0
DA:51,0
DA:52,0
DA:53,0
DA:54,0
DA:58,0
DA:60,0
DA:61,0
DA:62,0
DA:63,0
DA:64,0
DA:73,18
DA:74,18
DA:77,18
DA:78,18
DA:81,18
DA:82,18
DA:84,6
DA:86,6
DA:87,6
DA:89,4
DA:90,4
DA:91,4
DA:92,2
DA:97,6
DA:99,6
DA:100,6
DA:103,6
DA:105,6
DA:108,5
DA:109,5
DA:111,6
DA:112,6
DA:113,6
DA:114,6
DA:115,6
DA:116,6
DA:117,6
DA:118,6
DA:119,6
LF:57
LH:45
end_of_record
SF:lib/application/widget/dashed_line_painter.dart
DA:4,3
DA:6,3
DA:7,6
DA:8,3
DA:9,3
DA:13,6
DA:14,12
DA:15,6
DA:19,1
LF:9
LH:9
end_of_record
SF:lib/trading_signals/widget/criteria_detail_screen.dart
DA:7,1
DA:9,1
DA:11,2
DA:12,1
DA:13,1
DA:14,1
DA:16,1
DA:17,1
DA:18,1
DA:19,1
DA:20,1
DA:21,4
DA:22,2
DA:24,1
DA:26,1
DA:27,1
DA:29,1
DA:30,4
DA:31,1
DA:36,1
DA:38,1
DA:44,1
DA:45,1
DA:47,1
DA:49,1
DA:51,1
DA:52,3
DA:64,1
DA:68,1
DA:71,1
DA:72,1
DA:73,2
DA:74,1
DA:75,2
DA:76,4
DA:77,1
DA:84,1
DA:85,1
DA:100,1
DA:101,2
DA:102,1
DA:113,1
LF:42
LH:42
end_of_record
SF:lib/application/redux/app_state.g.dart
DA:13,4
DA:14,12
DA:16,8
DA:17,4
DA:18,4
DA:21,4
DA:23,12
DA:25,4
DA:26,8
DA:28,1
DA:31,4
DA:34,0
DA:37,0
DA:38,0
DA:42,0
DA:44,0
DA:45,0
DA:46,0
DA:54,4
DA:55,12
DA:56,0
DA:57,0
DA:59,4
DA:61,4
DA:62,4
DA:64,12
DA:65,4
DA:70,4
DA:72,4
DA:73,4
DA:76,4
DA:78,4
DA:81,4
DA:82,4
DA:84,4
DA:87,4
DA:88,12
DA:93,0
DA:95,0
DA:96,0
DA:100,4
LF:41
LH:29
end_of_record
SF:lib/application/redux/app_state.dart
DA:9,4
DA:13,8
DA:14,4
DA:15,12
LF:4
LH:4
end_of_record
SF:lib/trading_signals/redux/screen/trading_signal_view_model.dart
DA:13,1
DA:20,1
DA:21,1
DA:22,3
DA:23,3
DA:24,3
DA:25,0
DA:26,0
DA:28,0
LF:9
LH:6
end_of_record
SF:lib/trading_signals/redux/trading_signals_actions.dart
DA:8,1
DA:14,1
LF:2
LH:2
end_of_record
SF:lib/trading_signals/widget/home_screen.dart
DA:10,2
DA:12,0
DA:13,0
DA:19,0
DA:21,0
DA:22,0
DA:23,0
DA:24,0
DA:25,0
DA:26,0
DA:28,0
DA:29,0
DA:31,0
DA:32,0
DA:33,0
DA:34,0
DA:35,0
DA:36,0
DA:38,0
DA:40,0
DA:41,0
DA:42,0
DA:43,0
DA:44,0
DA:46,0
DA:48,0
DA:53,0
DA:55,0
LF:28
LH:1
end_of_record
SF:lib/trading_signals/widget/trading_signal_list_item.dart
DA:9,2
DA:15,2
DA:17,2
DA:18,2
DA:19,2
DA:26,2
DA:27,2
DA:28,4
DA:29,2
DA:33,2
DA:41,2
DA:43,2
DA:44,4
DA:45,2
DA:46,6
DA:48,2
LF:16
LH:16
end_of_record
SF:lib/utils/color_extensions.dart
DA:4,3
DA:6,3
DA:8,3
LF:3
LH:3
end_of_record
SF:lib/trading_signals/redux/trading_signals_reducer.dart
DA:5,8
DA:6,2
DA:8,2
DA:9,2
DA:11,2
DA:12,2
DA:14,2
DA:17,2
DA:21,2
DA:22,2
DA:23,2
DA:24,2
DA:28,1
DA:32,1
DA:33,1
DA:34,1
DA:35,2
DA:39,1
DA:43,1
DA:44,1
DA:45,1
DA:46,2
LF:22
LH:22
end_of_record
SF:lib/trading_signals/redux/screen/criteria_view_model.dart
DA:11,1
DA:16,1
DA:17,1
DA:18,4
DA:19,0
DA:20,0
DA:22,0
LF:7
LH:4
end_of_record
SF:lib/trading_signals/widget/criteria_list_screen.dart
DA:12,1
DA:17,0
DA:19,0
DA:20,0
DA:21,0
DA:22,0
DA:23,0
DA:24,0
DA:25,0
DA:27,0
DA:28,0
DA:30,0
DA:34,0
DA:36,0
DA:37,0
DA:38,0
DA:46,0
DA:47,0
DA:48,0
DA:49,0
DA:56,0
DA:57,0
DA:59,0
DA:60,0
DA:61,0
DA:62,0
DA:65,0
DA:67,0
DA:68,0
DA:69,0
DA:70,0
DA:71,0
DA:72,0
DA:73,0
DA:74,0
DA:80,0
LF:36
LH:1
end_of_record
SF:lib/trading_signals/widget/formatted_text.dart
DA:9,2
DA:10,2
DA:11,2
DA:18,2
DA:20,2
DA:21,2
DA:24,2
DA:26,2
DA:27,2
DA:28,6
DA:31,2
DA:33,2
DA:34,4
DA:43,0
DA:44,0
DA:45,0
DA:46,0
DA:51,0
DA:52,0
DA:55,0
DA:61,0
DA:62,0
DA:63,0
DA:67,0
DA:69,0
DA:70,0
DA:74,0
DA:75,0
DA:76,0
DA:81,0
DA:87,0
DA:88,0
DA:89,0
DA:93,0
DA:97,0
DA:98,0
DA:99,0
DA:104,0
DA:105,0
DA:109,0
DA:110,0
DA:111,0
DA:113,0
DA:114,0
DA:116,0
DA:118,0
DA:119,0
DA:120,0
LF:48
LH:13
end_of_record
SF:lib/navigation/app_router.dart
DA:8,1
DA:9,1
DA:10,1
DA:11,1
DA:13,0
DA:14,0
DA:16,1
DA:17,1
DA:19,0
DA:20,0
DA:23,1
DA:27,1
DA:29,1
LF:13
LH:9
end_of_record
SF:lib/application/redux/app_reducer.dart
DA:4,1
DA:5,2
DA:6,1
DA:7,4
LF:4
LH:4
end_of_record
SF:lib/application/redux/app_middleware.dart
DA:6,1
DA:7,1
DA:8,1
DA:9,1
LF:4
LH:4
end_of_record
SF:lib/data/api_service.dart
DA:7,1
DA:8,2
DA:10,2
DA:11,2
DA:12,4
DA:14,0
LF:6
LH:5
end_of_record
SF:lib/trading_signals/redux/trading_signals_middleware.dart
DA:6,1
DA:8,1
DA:9,1
DA:10,1
DA:11,1
DA:15,1
DA:16,0
DA:17,0
DA:19,0
DA:20,0
DA:22,0
LF:11
LH:6
end_of_record
