SF:lib/data/models/trading_signal.dart
DA:8,5
DA:16,1
DA:17,1
DA:18,1
DA:19,1
DA:20,1
DA:21,1
DA:22,1
LF:8
LH:8
end_of_record
SF:lib/trading_signals/redux/trading_signal_state.dart
DA:12,4
DA:18,8
DA:19,4
DA:20,8
DA:21,4
DA:22,4
LF:6
LH:6
end_of_record
SF:lib/trading_signals/redux/trading_signal_state.g.dart
DA:17,4
DA:19,12
DA:21,4
DA:23,4
DA:24,4
DA:25,4
DA:26,4
DA:27,4
DA:30,2
DA:33,6
DA:35,3
DA:37,6
DA:39,1
DA:42,1
DA:43,3
DA:44,3
DA:45,0
DA:48,0
DA:51,0
DA:52,0
DA:53,0
DA:54,0
DA:58,0
DA:60,0
DA:61,0
DA:62,0
DA:63,0
DA:64,0
DA:73,12
DA:74,12
DA:77,12
DA:78,12
DA:81,12
DA:82,12
DA:84,4
DA:86,4
DA:87,4
DA:89,4
DA:90,4
DA:91,4
DA:92,2
DA:97,4
DA:99,4
DA:100,4
DA:103,4
DA:105,4
DA:108,3
DA:109,3
DA:111,4
DA:112,4
DA:113,4
DA:114,4
DA:115,4
DA:116,4
DA:117,4
DA:118,4
DA:119,4
LF:57
LH:45
end_of_record
SF:lib/trading_signals/redux/trading_signals_actions.dart
DA:8,1
DA:14,1
LF:2
LH:2
end_of_record
SF:lib/trading_signals/redux/trading_signals_reducer.dart
DA:5,8
DA:6,2
DA:8,2
DA:9,2
DA:11,2
DA:12,2
DA:14,2
DA:17,2
DA:21,2
DA:22,2
DA:23,2
DA:24,2
DA:28,1
DA:32,1
DA:33,1
DA:34,1
DA:35,2
DA:39,1
DA:43,1
DA:44,1
DA:45,1
DA:46,2
LF:22
LH:22
end_of_record
SF:lib/application/redux/app_state.g.dart
DA:13,2
DA:14,6
DA:16,4
DA:17,2
DA:18,2
DA:21,2
DA:23,6
DA:25,2
DA:26,4
DA:28,1
DA:31,4
DA:34,0
DA:37,0
DA:38,0
DA:42,0
DA:44,0
DA:45,0
DA:46,0
DA:54,2
DA:55,6
DA:56,0
DA:57,0
DA:59,2
DA:61,2
DA:62,2
DA:64,6
DA:65,2
DA:70,2
DA:72,2
DA:73,2
DA:76,2
DA:78,2
DA:81,2
DA:82,2
DA:84,2
DA:87,2
DA:88,6
DA:93,0
DA:95,0
DA:96,0
DA:100,2
LF:41
LH:29
end_of_record
SF:lib/application/redux/app_state.dart
DA:9,2
DA:13,4
DA:14,2
DA:15,6
LF:4
LH:4
end_of_record
SF:lib/application/widget/dashed_line_painter.dart
DA:4,1
DA:6,1
DA:7,2
DA:8,1
DA:9,1
DA:13,2
DA:14,4
DA:15,2
DA:19,1
LF:9
LH:9
end_of_record
SF:lib/navigation/app_router.dart
DA:8,1
DA:9,1
DA:10,1
DA:11,1
DA:13,0
DA:14,0
DA:16,1
DA:17,1
DA:19,0
DA:20,0
DA:23,1
DA:27,1
DA:29,1
LF:13
LH:9
end_of_record
SF:lib/trading_signals/widget/criteria_detail_screen.dart
DA:7,0
DA:9,0
DA:11,0
DA:12,0
DA:13,0
DA:14,0
DA:16,0
DA:17,0
DA:18,0
DA:19,0
DA:20,0
DA:21,0
DA:22,0
DA:24,0
DA:26,0
DA:27,0
DA:29,0
DA:30,0
DA:31,0
DA:36,0
DA:38,0
DA:44,0
DA:45,0
DA:47,0
DA:49,0
DA:51,0
DA:52,0
DA:64,0
DA:68,0
DA:71,0
DA:72,0
DA:73,0
DA:74,0
DA:75,0
DA:76,0
DA:77,0
DA:84,0
DA:85,0
DA:100,0
DA:101,0
DA:102,0
DA:113,0
LF:42
LH:0
end_of_record
SF:lib/trading_signals/widget/criteria_list_screen.dart
DA:12,0
DA:17,0
DA:19,0
DA:20,0
DA:21,0
DA:22,0
DA:23,0
DA:24,0
DA:25,0
DA:27,0
DA:28,0
DA:30,0
DA:34,0
DA:36,0
DA:37,0
DA:38,0
DA:46,0
DA:47,0
DA:48,0
DA:49,0
DA:56,0
DA:57,0
DA:59,0
DA:60,0
DA:61,0
DA:62,0
DA:65,0
DA:67,0
DA:68,0
DA:69,0
DA:70,0
DA:71,0
DA:72,0
DA:73,0
DA:74,0
DA:80,0
LF:36
LH:0
end_of_record
SF:lib/trading_signals/widget/home_screen.dart
DA:10,9
DA:12,0
DA:13,0
DA:19,0
DA:21,0
DA:22,0
DA:23,0
DA:24,0
DA:25,0
DA:26,0
DA:28,0
DA:29,0
DA:31,0
DA:32,0
DA:33,0
DA:34,0
DA:35,0
DA:36,0
DA:38,0
DA:40,0
DA:41,0
DA:42,0
DA:43,0
DA:44,0
DA:46,0
DA:48,0
DA:53,0
DA:55,0
LF:28
LH:1
end_of_record
SF:lib/trading_signals/redux/screen/criteria_view_model.dart
DA:11,0
DA:16,0
DA:17,0
DA:18,0
DA:19,0
DA:20,0
DA:22,0
LF:7
LH:0
end_of_record
SF:lib/trading_signals/redux/screen/trading_signal_view_model.dart
DA:13,0
DA:20,0
DA:21,0
DA:22,0
DA:23,0
DA:24,0
DA:25,0
DA:26,0
DA:28,0
LF:9
LH:0
end_of_record
SF:lib/trading_signals/widget/formatted_text.dart
DA:9,0
DA:10,0
DA:11,0
DA:18,0
DA:20,0
DA:21,0
DA:24,0
DA:26,0
DA:27,0
DA:28,0
DA:31,0
DA:33,0
DA:34,0
DA:43,0
DA:44,0
DA:45,0
DA:46,0
DA:51,0
DA:52,0
DA:55,0
DA:61,0
DA:62,0
DA:63,0
DA:67,0
DA:69,0
DA:70,0
DA:74,0
DA:75,0
DA:76,0
DA:81,0
DA:87,0
DA:88,0
DA:89,0
DA:93,0
DA:97,0
DA:98,0
DA:99,0
DA:104,0
DA:105,0
DA:109,0
DA:110,0
DA:111,0
DA:113,0
DA:114,0
DA:116,0
DA:118,0
DA:119,0
DA:120,0
LF:48
LH:0
end_of_record
SF:lib/utils/color_extensions.dart
DA:4,2
DA:6,2
DA:8,2
LF:3
LH:3
end_of_record
SF:lib/trading_signals/widget/trading_signal_list_item.dart
DA:9,1
DA:15,1
DA:17,1
DA:18,1
DA:19,1
DA:26,1
DA:27,1
DA:28,2
DA:29,1
DA:33,1
DA:41,1
DA:43,1
DA:44,2
DA:45,1
DA:46,3
DA:48,1
LF:16
LH:16
end_of_record
SF:lib/application/redux/app_reducer.dart
DA:4,1
DA:5,2
DA:6,1
DA:7,4
LF:4
LH:4
end_of_record
SF:lib/application/redux/app_middleware.dart
DA:6,1
DA:7,1
DA:8,1
DA:9,1
LF:4
LH:4
end_of_record
SF:lib/data/api_service.dart
DA:7,0
DA:8,0
DA:10,0
DA:11,0
DA:12,0
DA:14,0
LF:6
LH:0
end_of_record
SF:lib/trading_signals/redux/trading_signals_middleware.dart
DA:6,1
DA:8,1
DA:9,1
DA:10,1
DA:11,1
DA:15,1
DA:16,0
DA:17,0
DA:19,0
DA:20,0
DA:22,0
LF:11
LH:6
end_of_record
